Build started 10/19/2021 10:17:13 PM.
     1>Project "D:\faks\prj\seminarski\seminarski\seminarski.vcxproj" on node 2 (build target(s)).
     1>InitializeBuildStatus:
         Creating "Debug\seminarski.unsuccessfulbuild" because "AlwaysCreate" was specified.
       ClCompile:
         C:\Program Files (x86)\Microsoft Visual Studio 10.0\VC\bin\CL.exe /c /ZI /nologo /W3 /WX- /Od /Oy- /D WIN32 /D _DEBUG /D _CONSOLE /D _UNICODE /D UNICODE /Gm /EHsc /RTC1 /MDd /GS /fp:precise /Zc:wchar_t /Zc:forScope /Fo"Debug\\" /Fd"Debug\vc100.pdb" /Gd /TP /analyze- /errorReport:prompt "nrt1-19.cpp"
         nrt1-19.cpp
     1>d:\faks\prj\seminarski\seminarski\nrt1-19.cpp(70): warning C4996: 'scanf': This function or variable may be unsafe. Consider using scanf_s instead. To disable deprecation, use _CRT_SECURE_NO_WARNINGS. See online help for details.
                 c:\program files (x86)\microsoft visual studio 10.0\vc\include\stdio.h(304) : see declaration of 'scanf'
     1>d:\faks\prj\seminarski\seminarski\nrt1-19.cpp(253): warning C4996: 'fopen': This function or variable may be unsafe. Consider using fopen_s instead. To disable deprecation, use _CRT_SECURE_NO_WARNINGS. See online help for details.
                 c:\program files (x86)\microsoft visual studio 10.0\vc\include\stdio.h(234) : see declaration of 'fopen'
     1>d:\faks\prj\seminarski\seminarski\nrt1-19.cpp(263): warning C4244: 'initializing' : conversion from 'double' to 'int', possible loss of data
     1>d:\faks\prj\seminarski\seminarski\nrt1-19.cpp(271): warning C4996: 'fopen': This function or variable may be unsafe. Consider using fopen_s instead. To disable deprecation, use _CRT_SECURE_NO_WARNINGS. See online help for details.
                 c:\program files (x86)\microsoft visual studio 10.0\vc\include\stdio.h(234) : see declaration of 'fopen'
     1>d:\faks\prj\seminarski\seminarski\nrt1-19.cpp(274): warning C4996: 'fopen': This function or variable may be unsafe. Consider using fopen_s instead. To disable deprecation, use _CRT_SECURE_NO_WARNINGS. See online help for details.
                 c:\program files (x86)\microsoft visual studio 10.0\vc\include\stdio.h(234) : see declaration of 'fopen'
     1>d:\faks\prj\seminarski\seminarski\nrt1-19.cpp(295): warning C4996: 'fopen': This function or variable may be unsafe. Consider using fopen_s instead. To disable deprecation, use _CRT_SECURE_NO_WARNINGS. See online help for details.
                 c:\program files (x86)\microsoft visual studio 10.0\vc\include\stdio.h(234) : see declaration of 'fopen'
     1>d:\faks\prj\seminarski\seminarski\nrt1-19.cpp(506): warning C4018: '<' : signed/unsigned mismatch
     1>d:\faks\prj\seminarski\seminarski\nrt1-19.cpp(518): warning C4996: 'scanf': This function or variable may be unsafe. Consider using scanf_s instead. To disable deprecation, use _CRT_SECURE_NO_WARNINGS. See online help for details.
                 c:\program files (x86)\microsoft visual studio 10.0\vc\include\stdio.h(304) : see declaration of 'scanf'
     1>d:\faks\prj\seminarski\seminarski\nrt1-19.cpp(531): warning C4018: '<' : signed/unsigned mismatch
     1>d:\faks\prj\seminarski\seminarski\nrt1-19.cpp(541): warning C4018: '<' : signed/unsigned mismatch
     1>d:\faks\prj\seminarski\seminarski\nrt1-19.cpp(524): warning C4715: 'dohvati_slovo' : not all control paths return a value
       ManifestResourceCompile:
         c:\Program Files (x86)\Microsoft SDKs\Windows\v7.0A\bin\rc.exe /nologo /fo"Debug\seminarski.exe.embed.manifest.res" Debug\seminarski_manifest.rc 
       Link:
         C:\Program Files (x86)\Microsoft Visual Studio 10.0\VC\bin\link.exe /ERRORREPORT:PROMPT /OUT:"D:\faks\prj\seminarski\Debug\seminarski.exe" /INCREMENTAL /NOLOGO kernel32.lib user32.lib gdi32.lib winspool.lib comdlg32.lib advapi32.lib shell32.lib ole32.lib oleaut32.lib uuid.lib odbc32.lib odbccp32.lib /MANIFEST /ManifestFile:"Debug\seminarski.exe.intermediate.manifest" /MANIFESTUAC:"level='asInvoker' uiAccess='false'" /DEBUG /PDB:"D:\faks\prj\seminarski\Debug\seminarski.pdb" /SUBSYSTEM:CONSOLE /TLBID:1 /DYNAMICBASE /NXCOMPAT /IMPLIB:"D:\faks\prj\seminarski\Debug\seminarski.lib" /MACHINE:X86 Debug\seminarski.exe.embed.manifest.res
         "Debug\nrt1-19.obj"
       Manifest:
         Deleting file "Debug\seminarski.exe.embed.manifest".
         c:\Program Files (x86)\Microsoft SDKs\Windows\v7.0A\bin\mt.exe /nologo /verbose /out:"Debug\seminarski.exe.embed.manifest" /manifest Debug\seminarski.exe.intermediate.manifest
         c:\Program Files (x86)\Microsoft SDKs\Windows\v7.0A\bin\rc.exe /nologo /fo"Debug\seminarski.exe.embed.manifest.res" Debug\seminarski_manifest.rc 
       LinkEmbedManifest:
         C:\Program Files (x86)\Microsoft Visual Studio 10.0\VC\bin\link.exe /ERRORREPORT:PROMPT /OUT:"D:\faks\prj\seminarski\Debug\seminarski.exe" /INCREMENTAL /NOLOGO kernel32.lib user32.lib gdi32.lib winspool.lib comdlg32.lib advapi32.lib shell32.lib ole32.lib oleaut32.lib uuid.lib odbc32.lib odbccp32.lib /MANIFEST /ManifestFile:"Debug\seminarski.exe.intermediate.manifest" /MANIFESTUAC:"level='asInvoker' uiAccess='false'" /DEBUG /PDB:"D:\faks\prj\seminarski\Debug\seminarski.pdb" /SUBSYSTEM:CONSOLE /TLBID:1 /DYNAMICBASE /NXCOMPAT /IMPLIB:"D:\faks\prj\seminarski\Debug\seminarski.lib" /MACHINE:X86 Debug\seminarski.exe.embed.manifest.res
         "Debug\nrt1-19.obj"
         seminarski.vcxproj -> D:\faks\prj\seminarski\Debug\seminarski.exe
       FinalizeBuildStatus:
         Deleting file "Debug\seminarski.unsuccessfulbuild".
         Touching "Debug\seminarski.lastbuildstate".
     1>Done Building Project "D:\faks\prj\seminarski\seminarski\seminarski.vcxproj" (build target(s)).

Build succeeded.

Time Elapsed 00:00:11.26
